[0m2021.07.22 18:44:05 INFO  Started: Metals version 0.10.5 in workspace '/Users/bytedance/Desktop/linhuaqing0928' for client Visual Studio Code 1.55.0.[0m
[0m2021.07.22 18:44:06 INFO  time: initialize in 0.65s[0m
[0m2021.07.22 18:44:06 WARN  Build server is not auto-connectable.[0m
[0m2021.07.22 18:44:06 WARN  no build tool detected in workspace '/Users/bytedance/Desktop/linhuaqing0928'. The most common cause for this problem is that the editor was opened in the wrong working directory, for example if you use sbt then the workspace directory should contain build.sbt. [0m
[0m2021.07.22 21:44:40 INFO  shutting down Metals[0m
[0m2021.07.22 21:45:24 INFO  Started: Metals version 0.10.5 in workspace '/Users/bytedance/Desktop/linhuaqing0928' for client Visual Studio Code 1.55.0.[0m
[0m2021.07.22 21:45:24 INFO  time: initialize in 0.92s[0m
[0m2021.07.22 21:45:25 WARN  Build server is not auto-connectable.[0m
[0m2021.07.22 21:45:25 WARN  no build tool detected in workspace '/Users/bytedance/Desktop/linhuaqing0928'. The most common cause for this problem is that the editor was opened in the wrong working directory, for example if you use sbt then the workspace directory should contain build.sbt. [0m
[0m2021.08.01 22:09:51 INFO  shutting down Metals[0m
[0m2021.08.26 17:14:15 INFO  Started: Metals version 0.10.5 in workspace '/Users/bytedance/Desktop/linhuaqing0928' for client Visual Studio Code 1.55.0.[0m
[0m2021.08.26 17:14:19 INFO  time: initialize in 3.46s[0m
[0m2021.08.26 17:14:23 WARN  Build server is not auto-connectable.[0m
[0m2021.08.26 17:14:23 WARN  no build tool detected in workspace '/Users/bytedance/Desktop/linhuaqing0928'. The most common cause for this problem is that the editor was opened in the wrong working directory, for example if you use sbt then the workspace directory should contain build.sbt. [0m
[0m2021.08.27 15:12:27 INFO  shutting down Metals[0m
[0m2021.08.27 15:13:31 INFO  Started: Metals version 0.10.5 in workspace '/Users/bytedance/Desktop/linhuaqing0928' for client Visual Studio Code 1.55.0.[0m
[0m2021.08.27 15:13:39 INFO  time: initialize in 7.35s[0m
[0m2021.08.27 15:13:45 WARN  Build server is not auto-connectable.[0m
[0m2021.08.27 15:13:45 WARN  no build tool detected in workspace '/Users/bytedance/Desktop/linhuaqing0928'. The most common cause for this problem is that the editor was opened in the wrong working directory, for example if you use sbt then the workspace directory should contain build.sbt. [0m
八月 29, 2021 10:54:20 上午 org.eclipse.lsp4j.jsonrpc.services.GenericEndpoint notify
信息: Unsupported notification method: $/setTrace
八月 29, 2021 10:54:40 上午 org.eclipse.lsp4j.jsonrpc.services.GenericEndpoint notify
信息: Unsupported notification method: $/setTrace
八月 29, 2021 10:54:59 上午 org.eclipse.lsp4j.jsonrpc.services.GenericEndpoint notify
信息: Unsupported notification method: $/setTrace
八月 30, 2021 3:03:17 下午 org.eclipse.lsp4j.jsonrpc.services.GenericEndpoint notify
信息: Unsupported notification method: $/setTrace
[0m2021.08.30 16:44:01 INFO  shutting down Metals[0m
[0m2021.08.30 16:45:35 INFO  Started: Metals version 0.10.5 in workspace '/Users/bytedance/Desktop/linhuaqing0928' for client Visual Studio Code 1.55.0.[0m
[0m2021.08.30 16:45:43 INFO  time: initialize in 7.45s[0m
[0m2021.08.30 16:45:50 WARN  Build server is not auto-connectable.[0m
[0m2021.08.30 16:45:50 WARN  no build tool detected in workspace '/Users/bytedance/Desktop/linhuaqing0928'. The most common cause for this problem is that the editor was opened in the wrong working directory, for example if you use sbt then the workspace directory should contain build.sbt. [0m
[0m2021.08.30 17:44:24 INFO  shutting down Metals[0m
[0m2021.12.02 20:12:53 INFO  Started: Metals version 0.10.9 in workspace '/Users/bytedance/Desktop/linhuaqing0928' for client Visual Studio Code 1.55.0.[0m
[0m2021.12.02 20:13:05 INFO  time: initialize in 12s[0m
[0m2021.12.02 20:13:06 WARN  Build server is not auto-connectable.[0m
[0m2021.12.02 20:13:06 WARN  no build tool detected in workspace '/Users/bytedance/Desktop/linhuaqing0928'. The most common cause for this problem is that the editor was opened in the wrong working directory, for example if you use sbt then the workspace directory should contain build.sbt. [0m
[0m2021.12.08 11:00:34 INFO  shutting down Metals[0m
[0m2022.01.07 14:48:50 INFO  Started: Metals version 0.10.9 in workspace '/Users/bytedance/Desktop/linhuaqing0928' for client Visual Studio Code 1.55.0.[0m
[0m2022.01.07 14:49:14 INFO  time: initialize in 24s[0m
[0m2022.01.07 14:49:16 WARN  Build server is not auto-connectable.[0m
[0m2022.01.07 14:49:16 WARN  no build tool detected in workspace '/Users/bytedance/Desktop/linhuaqing0928'. The most common cause for this problem is that the editor was opened in the wrong working directory, for example if you use sbt then the workspace directory should contain build.sbt. [0m
